<?xml version="1.0" encoding="UTF-8"?>
<!-- Generated by org.testng.reporters.JUnitXMLReporter -->
<testsuite ignored="2" hostname="DESKTOP-9VP6E9C" failures="0" tests="1" name="Default test" time="15.423" errors="0" timestamp="2021-10-27T18:39:22 IST">
  <testcase classname="demo.basic" name="basictestcase" time="9.108"/>
  <testcase classname="demo.basic" name="democaseforfailure" time="0.0">
    <ignored/>
  </testcase> <!-- democaseforfailure -->
  <testcase classname="demo.basic" name="dropdown" time="0.0">
    <ignored/>
  </testcase> <!-- dropdown -->
</testsuite> <!-- Default test -->
